<?xml version="1.0" encoding="UTF-8"?>
<!-- Generated by org.testng.reporters.JUnitXMLReporter -->
<testsuite ignored="0" hostname="DESKTOP-1I2RTCU" failures="1" tests="1" name="Default test" time="12.774" errors="0" timestamp="2020-12-23T10:51:56 IST">
  <testcase classname="TestClass.LoginPageTest" name="atTest" time="0.81">
    <failure type="java.lang.AssertionError" message="expected [true] but found [false]">
      <![CDATA[java.lang.AssertionError: expected [true] but found [false]
at TestClass.LoginPageTest.atTest(LoginPageTest.java:29)
]]>
    </failure>
  </testcase> <!-- atTest -->
</testsuite> <!-- Default test -->
